[ +250 ms] Artifact Instance of 'MaterialFonts' is not required, skipping update.
[   +1 ms] Artifact Instance of 'GradleWrapper' is not required, skipping update.
[        ] Artifact Instance of 'AndroidGenSnapshotArtifacts' is not required, skipping update.
[        ] Artifact Instance of 'AndroidInternalBuildArtifacts' is not required, skipping update.
[        ] Artifact Instance of 'IOSEngineArtifacts' is not required, skipping update.
[        ] Artifact Instance of 'FlutterWebSdk' is not required, skipping update.
[   +1 ms] Artifact Instance of 'LegacyCanvasKitRemover' is not required, skipping update.
[        ] Artifact Instance of 'FlutterSdk' is not required, skipping update.
[        ] Artifact Instance of 'WindowsEngineArtifacts' is not required, skipping update.
[        ] Artifact Instance of 'MacOSEngineArtifacts' is not required, skipping update.
[        ] Artifact Instance of 'LinuxEngineArtifacts' is not required, skipping update.
[        ] Artifact Instance of 'LinuxFuchsiaSDKArtifacts' is not required, skipping update.
[        ] Artifact Instance of 'MacOSFuchsiaSDKArtifacts' is not required, skipping update.
[        ] Artifact Instance of 'FlutterRunnerSDKArtifacts' is not required, skipping update.
[        ] Artifact Instance of 'FlutterRunnerDebugSymbols' is not required, skipping update.
[        ] Artifact Instance of 'IosUsbArtifacts' is not required, skipping update.
[        ] Artifact Instance of 'IosUsbArtifacts' is not required, skipping update.
[        ] Artifact Instance of 'IosUsbArtifacts' is not required, skipping update.
[        ] Artifact Instance of 'IosUsbArtifacts' is not required, skipping update.
[        ] Artifact Instance of 'IosUsbArtifacts' is not required, skipping update.
[        ] Artifact Instance of 'IosUsbArtifacts' is not required, skipping update.
[        ] Artifact Instance of 'FontSubsetArtifacts' is not required, skipping update.
[        ] Artifact Instance of 'PubDependencies' is not required, skipping update.
[   +1 ms] executing: [C:\Flutter\flutter/] git -c log.showSignature=false log HEAD -n 1 --pretty=format:%ad --date=iso
[  +70 ms] Exit code 0 from: git -c log.showSignature=false log HEAD -n 1 --pretty=format:%ad --date=iso
[        ] 2026-01-13 13:47:42 -0800
[  +22 ms] Artifact Instance of 'AndroidGenSnapshotArtifacts' is not required, skipping update.
[        ] Artifact Instance of 'AndroidInternalBuildArtifacts' is not required, skipping update.
[        ] Artifact Instance of 'IOSEngineArtifacts' is not required, skipping update.
[        ] Artifact Instance of 'FlutterWebSdk' is not required, skipping update.
[        ] Artifact Instance of 'FlutterEngineStamp' is not required, skipping update.
[        ] Artifact Instance of 'LegacyCanvasKitRemover' is not required, skipping update.
[   +2 ms] Artifact Instance of 'WindowsEngineArtifacts' is not required, skipping update.
[        ] Artifact Instance of 'MacOSEngineArtifacts' is not required, skipping update.
[        ] Artifact Instance of 'LinuxEngineArtifacts' is not required, skipping update.
[        ] Artifact Instance of 'LinuxFuchsiaSDKArtifacts' is not required, skipping update.
[        ] Artifact Instance of 'MacOSFuchsiaSDKArtifacts' is not required, skipping update.
[        ] Artifact Instance of 'FlutterRunnerSDKArtifacts' is not required, skipping update.
[        ] Artifact Instance of 'FlutterRunnerDebugSymbols' is not required, skipping update.
[  +42 ms] Artifact Instance of 'MaterialFonts' is not required, skipping update.
[        ] Artifact Instance of 'GradleWrapper' is not required, skipping update.
[        ] Artifact Instance of 'AndroidGenSnapshotArtifacts' is not required, skipping update.
[        ] Artifact Instance of 'AndroidInternalBuildArtifacts' is not required, skipping update.
[        ] Artifact Instance of 'IOSEngineArtifacts' is not required, skipping update.
[        ] Artifact Instance of 'FlutterWebSdk' is not required, skipping update.
[        ] Artifact Instance of 'FlutterEngineStamp' is not required, skipping update.
[        ] Artifact Instance of 'LegacyCanvasKitRemover' is not required, skipping update.
[        ] Artifact Instance of 'FlutterSdk' is not required, skipping update.
[   +1 ms] Artifact Instance of 'MacOSEngineArtifacts' is not required, skipping update.
[        ] Artifact Instance of 'LinuxEngineArtifacts' is not required, skipping update.
[        ] Artifact Instance of 'LinuxFuchsiaSDKArtifacts' is not required, skipping update.
[        ] Artifact Instance of 'MacOSFuchsiaSDKArtifacts' is not required, skipping update.
[        ] Artifact Instance of 'FlutterRunnerSDKArtifacts' is not required, skipping update.
[        ] Artifact Instance of 'FlutterRunnerDebugSymbols' is not required, skipping update.
[        ] Artifact Instance of 'IosUsbArtifacts' is not required, skipping update.
[        ] Artifact Instance of 'IosUsbArtifacts' is not required, skipping update.
[        ] Artifact Instance of 'IosUsbArtifacts' is not required, skipping update.
[        ] Artifact Instance of 'IosUsbArtifacts' is not required, skipping update.
[        ] Artifact Instance of 'IosUsbArtifacts' is not required, skipping update.
[        ] Artifact Instance of 'IosUsbArtifacts' is not required, skipping update.
[        ] Artifact Instance of 'FontSubsetArtifacts' is not required, skipping update.
[        ] Artifact Instance of 'PubDependencies' is not required, skipping update.
[  +27 ms] Skipping pub get: version match.
[  +95 ms] Found plugin vibration at C:\Users\sings\AppData\Local\Pub\Cache\hosted\pub.dev\vibration-2.1.0\
[   +8 ms] Found plugin device_info_plus at C:\Users\sings\AppData\Local\Pub\Cache\hosted\pub.dev\device_info_plus-11.5.0\
[  +16 ms] Found plugin shared_preferences at C:\Users\sings\AppData\Local\Pub\Cache\hosted\pub.dev\shared_preferences-2.5.4\
[   +2 ms] Found plugin shared_preferences_windows at C:\Users\sings\AppData\Local\Pub\Cache\hosted\pub.dev\shared_preferences_windows-2.4.1\
[   +3 ms] Found plugin path_provider_windows at C:\Users\sings\AppData\Local\Pub\Cache\hosted\pub.dev\path_provider_windows-2.3.0\
[   +7 ms] Found plugin shared_preferences_web at C:\Users\sings\AppData\Local\Pub\Cache\hosted\pub.dev\shared_preferences_web-2.4.3\
[   +1 ms] Found plugin shared_preferences_linux at C:\Users\sings\AppData\Local\Pub\Cache\hosted\pub.dev\shared_preferences_linux-2.4.1\
[   +1 ms] Found plugin path_provider_linux at C:\Users\sings\AppData\Local\Pub\Cache\hosted\pub.dev\path_provider_linux-2.2.1\
[   +2 ms] Found plugin shared_preferences_foundation at C:\Users\sings\AppData\Local\Pub\Cache\hosted\pub.dev\shared_preferences_foundation-2.5.6\
[   +1 ms] Found plugin shared_preferences_android at C:\Users\sings\AppData\Local\Pub\Cache\hosted\pub.dev\shared_preferences_android-2.4.18\
[   +5 ms] Found plugin printing at C:\Users\sings\AppData\Local\Pub\Cache\hosted\pub.dev\printing-5.14.2\
[  +15 ms] Found plugin path_provider at C:\Users\sings\AppData\Local\Pub\Cache\hosted\pub.dev\path_provider-2.1.5\
[   +2 ms] Found plugin path_provider_foundation at C:\Users\sings\AppData\Local\Pub\Cache\hosted\pub.dev\path_provider_foundation-2.6.0\
[  +12 ms] Found plugin path_provider_android at C:\Users\sings\AppData\Local\Pub\Cache\hosted\pub.dev\path_provider_android-2.2.22\
[   +2 ms] Found plugin mobile_scanner at C:\Users\sings\AppData\Local\Pub\Cache\hosted\pub.dev\mobile_scanner-7.1.4\
[   +3 ms] Found plugin image_picker at C:\Users\sings\AppData\Local\Pub\Cache\hosted\pub.dev\image_picker-1.2.1\
[   +3 ms] Found plugin image_picker_windows at C:\Users\sings\AppData\Local\Pub\Cache\hosted\pub.dev\image_picker_windows-0.2.2\
[   +3 ms] Found plugin file_selector_windows at C:\Users\sings\AppData\Local\Pub\Cache\hosted\pub.dev\file_selector_windows-0.9.3+5\
[   +2 ms] Found plugin image_picker_macos at C:\Users\sings\AppData\Local\Pub\Cache\hosted\pub.dev\image_picker_macos-0.2.2+1\
[   +1 ms] Found plugin file_selector_macos at C:\Users\sings\AppData\Local\Pub\Cache\hosted\pub.dev\file_selector_macos-0.9.5\
[   +1 ms] Found plugin image_picker_linux at C:\Users\sings\AppData\Local\Pub\Cache\hosted\pub.dev\image_picker_linux-0.2.2\
[   +1 ms] Found plugin file_selector_linux at C:\Users\sings\AppData\Local\Pub\Cache\hosted\pub.dev\file_selector_linux-0.9.4\
[   +1 ms] Found plugin image_picker_ios at C:\Users\sings\AppData\Local\Pub\Cache\hosted\pub.dev\image_picker_ios-0.8.13+3\
[   +1 ms] Found plugin image_picker_for_web at C:\Users\sings\AppData\Local\Pub\Cache\hosted\pub.dev\image_picker_for_web-3.1.1\
[   +2 ms] Found plugin image_picker_android at C:\Users\sings\AppData\Local\Pub\Cache\hosted\pub.dev\image_picker_android-0.8.13+13\
[   +1 ms] Found plugin flutter_plugin_android_lifecycle at C:\Users\sings\AppData\Local\Pub\Cache\hosted\pub.dev\flutter_plugin_android_lifecycle-2.0.33\
[   +7 ms] Found plugin flutter_secure_storage at C:\Users\sings\AppData\Local\Pub\Cache\hosted\pub.dev\flutter_secure_storage-9.2.4\
[   +1 ms] Found plugin flutter_secure_storage_windows at C:\Users\sings\AppData\Local\Pub\Cache\hosted\pub.dev\flutter_secure_storage_windows-3.1.2\
[   +3 ms] Found plugin flutter_secure_storage_web at C:\Users\sings\AppData\Local\Pub\Cache\hosted\pub.dev\flutter_secure_storage_web-1.2.1\
[   +3 ms] Found plugin flutter_secure_storage_macos at C:\Users\sings\AppData\Local\Pub\Cache\hosted\pub.dev\flutter_secure_storage_macos-3.1.3\
[   +1 ms] Found plugin flutter_secure_storage_linux at C:\Users\sings\AppData\Local\Pub\Cache\hosted\pub.dev\flutter_secure_storage_linux-1.2.3\
[  +12 ms] Found plugin connectivity_plus at C:\Users\sings\AppData\Local\Pub\Cache\hosted\pub.dev\connectivity_plus-7.0.0\
[   +9 ms] Found plugin sqflite at C:\Users\sings\AppData\Local\Pub\Cache\hosted\pub.dev\sqflite-2.4.2\
[   +4 ms] Found plugin sqflite_darwin at C:\Users\sings\AppData\Local\Pub\Cache\hosted\pub.dev\sqflite_darwin-2.4.2\
[   +1 ms] Found plugin sqflite_android at C:\Users\sings\AppData\Local\Pub\Cache\hosted\pub.dev\sqflite_android-2.4.2+2\
[   +3 ms] Found plugin blue_thermal_printer at C:\Users\sings\AppData\Local\Pub\Cache\hosted\pub.dev\blue_thermal_printer-1.2.3\
[   +1 ms] Found plugin audioplayers at C:\Users\sings\AppData\Local\Pub\Cache\hosted\pub.dev\audioplayers-6.5.1\
[   +1 ms] Found plugin audioplayers_windows at C:\Users\sings\AppData\Local\Pub\Cache\hosted\pub.dev\audioplayers_windows-4.2.1\
[   +2 ms] Found plugin audioplayers_web at C:\Users\sings\AppData\Local\Pub\Cache\hosted\pub.dev\audioplayers_web-5.1.1\
[   +1 ms] Found plugin audioplayers_linux at C:\Users\sings\AppData\Local\Pub\Cache\hosted\pub.dev\audioplayers_linux-4.2.1\
[   +1 ms] Found plugin audioplayers_darwin at C:\Users\sings\AppData\Local\Pub\Cache\hosted\pub.dev\audioplayers_darwin-6.3.0\
[   +1 ms] Found plugin audioplayers_android at C:\Users\sings\AppData\Local\Pub\Cache\hosted\pub.dev\audioplayers_android-5.2.1\
[  +61 ms] Found plugin vibration at C:\Users\sings\AppData\Local\Pub\Cache\hosted\pub.dev\vibration-2.1.0\
[   +2 ms] Found plugin device_info_plus at C:\Users\sings\AppData\Local\Pub\Cache\hosted\pub.dev\device_info_plus-11.5.0\
[   +7 ms] Found plugin shared_preferences at C:\Users\sings\AppData\Local\Pub\Cache\hosted\pub.dev\shared_preferences-2.5.4\
[   +1 ms] Found plugin shared_preferences_windows at C:\Users\sings\AppData\Local\Pub\Cache\hosted\pub.dev\shared_preferences_windows-2.4.1\
[   +2 ms] Found plugin path_provider_windows at C:\Users\sings\AppData\Local\Pub\Cache\hosted\pub.dev\path_provider_windows-2.3.0\
[   +2 ms] Found plugin shared_preferences_web at C:\Users\sings\AppData\Local\Pub\Cache\hosted\pub.dev\shared_preferences_web-2.4.3\
[   +1 ms] Found plugin shared_preferences_linux at C:\Users\sings\AppData\Local\Pub\Cache\hosted\pub.dev\shared_preferences_linux-2.4.1\
[        ] Found plugin path_provider_linux at C:\Users\sings\AppData\Local\Pub\Cache\hosted\pub.dev\path_provider_linux-2.2.1\
[   +1 ms] Found plugin shared_preferences_foundation at C:\Users\sings\AppData\Local\Pub\Cache\hosted\pub.dev\shared_preferences_foundation-2.5.6\
[   +1 ms] Found plugin shared_preferences_android at C:\Users\sings\AppData\Local\Pub\Cache\hosted\pub.dev\shared_preferences_android-2.4.18\
[   +2 ms] Found plugin printing at C:\Users\sings\AppData\Local\Pub\Cache\hosted\pub.dev\printing-5.14.2\
[   +8 ms] Found plugin path_provider at C:\Users\sings\AppData\Local\Pub\Cache\hosted\pub.dev\path_provider-2.1.5\
[        ] Found plugin path_provider_foundation at C:\Users\sings\AppData\Local\Pub\Cache\hosted\pub.dev\path_provider_foundation-2.6.0\
[   +6 ms] Found plugin path_provider_android at C:\Users\sings\AppData\Local\Pub\Cache\hosted\pub.dev\path_provider_android-2.2.22\
[   +1 ms] Found plugin mobile_scanner at C:\Users\sings\AppData\Local\Pub\Cache\hosted\pub.dev\mobile_scanner-7.1.4\
[   +2 ms] Found plugin image_picker at C:\Users\sings\AppData\Local\Pub\Cache\hosted\pub.dev\image_picker-1.2.1\
[   +1 ms] Found plugin image_picker_windows at C:\Users\sings\AppData\Local\Pub\Cache\hosted\pub.dev\image_picker_windows-0.2.2\
[   +2 ms] Found plugin file_selector_windows at C:\Users\sings\AppData\Local\Pub\Cache\hosted\pub.dev\file_selector_windows-0.9.3+5\
[   +1 ms] Found plugin image_picker_macos at C:\Users\sings\AppData\Local\Pub\Cache\hosted\pub.dev\image_picker_macos-0.2.2+1\
[        ] Found plugin file_selector_macos at C:\Users\sings\AppData\Local\Pub\Cache\hosted\pub.dev\file_selector_macos-0.9.5\
[        ] Found plugin image_picker_linux at C:\Users\sings\AppData\Local\Pub\Cache\hosted\pub.dev\image_picker_linux-0.2.2\
[        ] Found plugin file_selector_linux at C:\Users\sings\AppData\Local\Pub\Cache\hosted\pub.dev\file_selector_linux-0.9.4\
[        ] Found plugin image_picker_ios at C:\Users\sings\AppData\Local\Pub\Cache\hosted\pub.dev\image_picker_ios-0.8.13+3\
[        ] Found plugin image_picker_for_web at C:\Users\sings\AppData\Local\Pub\Cache\hosted\pub.dev\image_picker_for_web-3.1.1\
[   +1 ms] Found plugin image_picker_android at C:\Users\sings\AppData\Local\Pub\Cache\hosted\pub.dev\image_picker_android-0.8.13+13\
[        ] Found plugin flutter_plugin_android_lifecycle at C:\Users\sings\AppData\Local\Pub\Cache\hosted\pub.dev\flutter_plugin_android_lifecycle-2.0.33\
[   +3 ms] Found plugin flutter_secure_storage at C:\Users\sings\AppData\Local\Pub\Cache\hosted\pub.dev\flutter_secure_storage-9.2.4\
[        ] Found plugin flutter_secure_storage_windows at C:\Users\sings\AppData\Local\Pub\Cache\hosted\pub.dev\flutter_secure_storage_windows-3.1.2\
[   +1 ms] Found plugin flutter_secure_storage_web at C:\Users\sings\AppData\Local\Pub\Cache\hosted\pub.dev\flutter_secure_storage_web-1.2.1\
[   +1 ms] Found plugin flutter_secure_storage_macos at C:\Users\sings\AppData\Local\Pub\Cache\hosted\pub.dev\flutter_secure_storage_macos-3.1.3\
[        ] Found plugin flutter_secure_storage_linux at C:\Users\sings\AppData\Local\Pub\Cache\hosted\pub.dev\flutter_secure_storage_linux-1.2.3\
[   +8 ms] Found plugin connectivity_plus at C:\Users\sings\AppData\Local\Pub\Cache\hosted\pub.dev\connectivity_plus-7.0.0\
[   +6 ms] Found plugin sqflite at C:\Users\sings\AppData\Local\Pub\Cache\hosted\pub.dev\sqflite-2.4.2\
[   +2 ms] Found plugin sqflite_darwin at C:\Users\sings\AppData\Local\Pub\Cache\hosted\pub.dev\sqflite_darwin-2.4.2\
[   +2 ms] Found plugin sqflite_android at C:\Users\sings\AppData\Local\Pub\Cache\hosted\pub.dev\sqflite_android-2.4.2+2\
[   +3 ms] Found plugin blue_thermal_printer at C:\Users\sings\AppData\Local\Pub\Cache\hosted\pub.dev\blue_thermal_printer-1.2.3\
[        ] Found plugin audioplayers at C:\Users\sings\AppData\Local\Pub\Cache\hosted\pub.dev\audioplayers-6.5.1\
[        ] Found plugin audioplayers_windows at C:\Users\sings\AppData\Local\Pub\Cache\hosted\pub.dev\audioplayers_windows-4.2.1\
[   +1 ms] Found plugin audioplayers_web at C:\Users\sings\AppData\Local\Pub\Cache\hosted\pub.dev\audioplayers_web-5.1.1\
[        ] Found plugin audioplayers_linux at C:\Users\sings\AppData\Local\Pub\Cache\hosted\pub.dev\audioplayers_linux-4.2.1\
[        ] Found plugin audioplayers_darwin at C:\Users\sings\AppData\Local\Pub\Cache\hosted\pub.dev\audioplayers_darwin-6.3.0\
[   +1 ms] Found plugin audioplayers_android at C:\Users\sings\AppData\Local\Pub\Cache\hosted\pub.dev\audioplayers_android-5.2.1\
[  +10 ms] Skipping generating web_plugin_registrant.dart because it is up-to-date.
[  +40 ms] Found plugin vibration at C:\Users\sings\AppData\Local\Pub\Cache\hosted\pub.dev\vibration-2.1.0\
[   +2 ms] Found plugin device_info_plus at C:\Users\sings\AppData\Local\Pub\Cache\hosted\pub.dev\device_info_plus-11.5.0\
[   +6 ms] Found plugin shared_preferences at C:\Users\sings\AppData\Local\Pub\Cache\hosted\pub.dev\shared_preferences-2.5.4\
[        ] Found plugin shared_preferences_windows at C:\Users\sings\AppData\Local\Pub\Cache\hosted\pub.dev\shared_preferences_windows-2.4.1\
[   +1 ms] Found plugin path_provider_windows at C:\Users\sings\AppData\Local\Pub\Cache\hosted\pub.dev\path_provider_windows-2.3.0\
[   +2 ms] Found plugin shared_preferences_web at C:\Users\sings\AppData\Local\Pub\Cache\hosted\pub.dev\shared_preferences_web-2.4.3\
[   +1 ms] Found plugin shared_preferences_linux at C:\Users\sings\AppData\Local\Pub\Cache\hosted\pub.dev\shared_preferences_linux-2.4.1\
[   +1 ms] Found plugin path_provider_linux at C:\Users\sings\AppData\Local\Pub\Cache\hosted\pub.dev\path_provider_linux-2.2.1\
[   +2 ms] Found plugin shared_preferences_foundation at C:\Users\sings\AppData\Local\Pub\Cache\hosted\pub.dev\shared_preferences_foundation-2.5.6\
[        ] Found plugin shared_preferences_android at C:\Users\sings\AppData\Local\Pub\Cache\hosted\pub.dev\shared_preferences_android-2.4.18\
[   +2 ms] Found plugin printing at C:\Users\sings\AppData\Local\Pub\Cache\hosted\pub.dev\printing-5.14.2\
[   +6 ms] Found plugin path_provider at C:\Users\sings\AppData\Local\Pub\Cache\hosted\pub.dev\path_provider-2.1.5\
[        ] Found plugin path_provider_foundation at C:\Users\sings\AppData\Local\Pub\Cache\hosted\pub.dev\path_provider_foundation-2.6.0\
[   +5 ms] Found plugin path_provider_android at C:\Users\sings\AppData\Local\Pub\Cache\hosted\pub.dev\path_provider_android-2.2.22\
[        ] Found plugin mobile_scanner at C:\Users\sings\AppData\Local\Pub\Cache\hosted\pub.dev\mobile_scanner-7.1.4\
[   +1 ms] Found plugin image_picker at C:\Users\sings\AppData\Local\Pub\Cache\hosted\pub.dev\image_picker-1.2.1\
[        ] Found plugin image_picker_windows at C:\Users\sings\AppData\Local\Pub\Cache\hosted\pub.dev\image_picker_windows-0.2.2\
[   +2 ms] Found plugin file_selector_windows at C:\Users\sings\AppData\Local\Pub\Cache\hosted\pub.dev\file_selector_windows-0.9.3+5\
[   +1 ms] Found plugin image_picker_macos at C:\Users\sings\AppData\Local\Pub\Cache\hosted\pub.dev\image_picker_macos-0.2.2+1\
[        ] Found plugin file_selector_macos at C:\Users\sings\AppData\Local\Pub\Cache\hosted\pub.dev\file_selector_macos-0.9.5\
[        ] Found plugin image_picker_linux at C:\Users\sings\AppData\Local\Pub\Cache\hosted\pub.dev\image_picker_linux-0.2.2\
[        ] Found plugin file_selector_linux at C:\Users\sings\AppData\Local\Pub\Cache\hosted\pub.dev\file_selector_linux-0.9.4\
[        ] Found plugin image_picker_ios at C:\Users\sings\AppData\Local\Pub\Cache\hosted\pub.dev\image_picker_ios-0.8.13+3\
[        ] Found plugin image_picker_for_web at C:\Users\sings\AppData\Local\Pub\Cache\hosted\pub.dev\image_picker_for_web-3.1.1\
[   +1 ms] Found plugin image_picker_android at C:\Users\sings\AppData\Local\Pub\Cache\hosted\pub.dev\image_picker_android-0.8.13+13\
[   +1 ms] Found plugin flutter_plugin_android_lifecycle at C:\Users\sings\AppData\Local\Pub\Cache\hosted\pub.dev\flutter_plugin_android_lifecycle-2.0.33\
[   +2 ms] Found plugin flutter_secure_storage at C:\Users\sings\AppData\Local\Pub\Cache\hosted\pub.dev\flutter_secure_storage-9.2.4\
[        ] Found plugin flutter_secure_storage_windows at C:\Users\sings\AppData\Local\Pub\Cache\hosted\pub.dev\flutter_secure_storage_windows-3.1.2\
[   +1 ms] Found plugin flutter_secure_storage_web at C:\Users\sings\AppData\Local\Pub\Cache\hosted\pub.dev\flutter_secure_storage_web-1.2.1\
[   +1 ms] Found plugin flutter_secure_storage_macos at C:\Users\sings\AppData\Local\Pub\Cache\hosted\pub.dev\flutter_secure_storage_macos-3.1.3\
[        ] Found plugin flutter_secure_storage_linux at C:\Users\sings\AppData\Local\Pub\Cache\hosted\pub.dev\flutter_secure_storage_linux-1.2.3\
[   +6 ms] Found plugin connectivity_plus at C:\Users\sings\AppData\Local\Pub\Cache\hosted\pub.dev\connectivity_plus-7.0.0\
[   +7 ms] Found plugin sqflite at C:\Users\sings\AppData\Local\Pub\Cache\hosted\pub.dev\sqflite-2.4.2\
[   +2 ms] Found plugin sqflite_darwin at C:\Users\sings\AppData\Local\Pub\Cache\hosted\pub.dev\sqflite_darwin-2.4.2\
[        ] Found plugin sqflite_android at C:\Users\sings\AppData\Local\Pub\Cache\hosted\pub.dev\sqflite_android-2.4.2+2\
[   +3 ms] Found plugin blue_thermal_printer at C:\Users\sings\AppData\Local\Pub\Cache\hosted\pub.dev\blue_thermal_printer-1.2.3\
[        ] Found plugin audioplayers at C:\Users\sings\AppData\Local\Pub\Cache\hosted\pub.dev\audioplayers-6.5.1\
[        ] Found plugin audioplayers_windows at C:\Users\sings\AppData\Local\Pub\Cache\hosted\pub.dev\audioplayers_windows-4.2.1\
[   +1 ms] Found plugin audioplayers_web at C:\Users\sings\AppData\Local\Pub\Cache\hosted\pub.dev\audioplayers_web-5.1.1\
[        ] Found plugin audioplayers_linux at C:\Users\sings\AppData\Local\Pub\Cache\hosted\pub.dev\audioplayers_linux-4.2.1\
[   +1 ms] Found plugin audioplayers_darwin at C:\Users\sings\AppData\Local\Pub\Cache\hosted\pub.dev\audioplayers_darwin-6.3.0\
[        ] Found plugin audioplayers_android at C:\Users\sings\AppData\Local\Pub\Cache\hosted\pub.dev\audioplayers_android-5.2.1\
[   +6 ms] Generating C:\Users\sings\OneDrive\Desktop\Projects\POS Inventory app\mobile_app\android\app\src\main\java\io\flutter\plugins\GeneratedPluginRegistrant.java
[   +1 ms] Skipping generating GeneratedPluginRegistrant.java because it is up-to-date.
[   +5 ms] Skipping generating generated_plugin_registrant.h because it is up-to-date.
[   +1 ms] Skipping generating generated_plugin_registrant.cc because it is up-to-date.
[   +1 ms] Skipping generating generated_plugins.cmake because it is up-to-date.
[   +2 ms] Skipping generating generated_plugin_registrant.h because it is up-to-date.
[   +1 ms] Skipping generating generated_plugin_registrant.cc because it is up-to-date.
[   +1 ms] Skipping generating generated_plugins.cmake because it is up-to-date.
[   +2 ms] Skipping generating GeneratedPluginRegistrant.h because it is up-to-date.
[   +1 ms] Skipping generating GeneratedPluginRegistrant.m because it is up-to-date.
[   +1 ms] Skipping generating GeneratedPluginRegistrant.swift because it is up-to-date.
[  +85 ms] executing: C:\Program Files (x86)\Microsoft Visual Studio\Installer\vswhere.exe -format json -products * -utf8 -latest -version 16 -requires Microsoft.VisualStudio.Workload.NativeDesktop Microsoft.VisualStudio.Component.VC.Tools.x86.x64 Microsoft.VisualStudio.Component.VC.CMake.Project
[  +81 ms] Exit code 0 from: C:\Program Files (x86)\Microsoft Visual Studio\Installer\vswhere.exe -format json -products * -utf8 -latest -version 16 -requires Microsoft.VisualStudio.Workload.NativeDesktop Microsoft.VisualStudio.Component.VC.Tools.x86.x64 Microsoft.VisualStudio.Component.VC.CMake.Project
[        ] []
[        ] executing: C:\Program Files (x86)\Microsoft Visual Studio\Installer\vswhere.exe -format json -products * -utf8 -latest -version 16 -requires Microsoft.VisualStudio.Workload.VCTools Microsoft.VisualStudio.Component.VC.Tools.x86.x64 Microsoft.VisualStudio.Component.VC.CMake.Project
[  +73 ms] Exit code 0 from: C:\Program Files (x86)\Microsoft Visual Studio\Installer\vswhere.exe -format json -products * -utf8 -latest -version 16 -requires Microsoft.VisualStudio.Workload.VCTools Microsoft.VisualStudio.Component.VC.Tools.x86.x64 Microsoft.VisualStudio.Component.VC.CMake.Project
[   +1 ms] [
             {
               "instanceId": "a13d2257",
               "installDate": "2025-12-03T22:47:28Z",
               "installationName": "VisualStudio/18.0.2+11222.15",
               "installationPath": "C:\\Program Files (x86)\\Microsoft Visual Studio\\18\\BuildTools",
               "installationVersion": "18.0.11222.15",
               "productId": "Microsoft.VisualStudio.Product.BuildTools",
               "productPath": "C:\\Program Files (x86)\\Microsoft Visual Studio\\18\\BuildTools\\Common7\\Tools\\LaunchDevCmd.bat",
               "state": 4294967295,
               "isComplete": true,
               "isLaunchable": true,
               "isPrerelease": false,
               "isRebootRequired": false,
               "displayName": "Visual Studio Build Tools 2026",
               "description": "Essential MSBuild and compiler tools ΓÇô no IDE required.",
               "channelId": "VisualStudio.18.Release",
               "channelUri": "https://aka.ms/vs/18/stable/channel",
               "enginePath": "C:\\Program Files (x86)\\Microsoft Visual Studio\\Installer\\resources\\app\\ServiceHub\\Services\\Microsoft.VisualStudio.Setup.Service",
               "installedChannelId": "VisualStudio.18.Release",
               "installedChannelUri": "https://aka.ms/vs/18/stable/channel",
               "releaseNotes": "https://docs.microsoft.com/en-us/visualstudio/releases/18/release-notes-v18.0#18.0.2",
               "resolvedInstallationPath": "C:\\Program Files (x86)\\Microsoft Visual Studio\\18\\BuildTools",
               "thirdPartyNotices": "https://go.microsoft.com/fwlink/?LinkId=661480",
               "updateDate": "2025-12-03T22:47:28.1721263Z",
               "catalog": {
                 "buildBranch": "d18.0",
                 "buildVersion": "18.0.11222.15",
                 "featureReleaseMonth": "11",
                 "featureReleaseYear": "2025",
                 "id": "VisualStudio/18.0.2+11222.15",
                 "includeBuildVersionInDisplayVersion": "False",
                 "localBuild": "build-lab",
                 "manifestName": "VisualStudio",
                 "manifestType": "installer",
                 "productDisplayVersion": "18.0.2",
                 "productLine": "Dev18",
                 "productLineVersion": "18",
                 "productMilestone": "RTW",
                 "productMilestoneIsPreRelease": "False",
                 "productName": "Visual Studio",
                 "productPatchVersion": "2",
                 "productPreReleaseMilestoneSuffix": "1.0",
                 "productRelease": "RTW",
                 "productSemanticVersion": "18.0.2+11222.15",
                 "requiredEngineVersion": "4.0.2166.47498"
               },
               "properties": {
                 "appLocalWPF": "false",
                 "campaignId": "",
                 "channelManifestId": "VisualStudio.18.Release/18.0.2+11222.15",
                 "includeRecommended": "0",
                 "nickname": "",
                 "setupEngineFilePath": "C:\\Program Files (x86)\\Microsoft Visual Studio\\Installer\\setup.exe"
               }
             }
           ]
[  +14 ms] Building Windows application...
[  +10 ms] executing: C:\Program Files (x86)\Microsoft Visual Studio\18\BuildTools\Common7\IDE\CommonExtensions\Microsoft\CMake\CMake\bin\cmake.exe -S C:\Users\sings\OneDrive\Desktop\Projects\POS Inventory app\mobile_app\windows -B C:\Users\sings\OneDrive\Desktop\Projects\POS Inventory app\mobile_app\build\windows\x64 -G Visual Studio 18 2026 -A x64 -DFLUTTER_TARGET_PLATFORM=windows-x64
[ +139 ms] -- Nuget.exe not found, trying to download or use cached version.
[+1775 ms] Feeds used:
[        ]   C:\Users\sings\.nuget\packages\
[        ]   https://api.nuget.org/v3/index.json
[  +72 ms] Package "Microsoft.Windows.ImplementationLibrary.1.0.210803.1" is already installed.
[  +32 ms] -- Downloading/updating pdfium
[ +682 ms] -- Configuring done (0.6s)
[ +140 ms] -- Generating done (0.1s)
[  +17 ms] -- Build files have been written to: C:/Users/sings/OneDrive/Desktop/Projects/POS Inventory app/mobile_app/build/windows/x64/pdfium-download
[ +209 ms] MSBuild version 18.0.5+e22287bf1 for .NET Framework
[ +615 ms] -- Configuring done (3.6s)
[ +781 ms] -- Generating done (0.7s)
[  +15 ms] -- Build files have been written to: C:/Users/sings/OneDrive/Desktop/Projects/POS Inventory app/mobile_app/build/windows/x64
[  +22 ms] executing: C:\Program Files (x86)\Microsoft Visual Studio\18\BuildTools\Common7\IDE\CommonExtensions\Microsoft\CMake\CMake\bin\cmake.exe --build C:\Users\sings\OneDrive\Desktop\Projects\POS Inventory app\mobile_app\build\windows\x64 --config Release --target INSTALL --verbose
[ +124 ms] Change Dir: 'C:/Users/sings/OneDrive/Desktop/Projects/POS Inventory app/mobile_app/build/windows/x64'
[        ] Run Build Command(s): "C:/Program Files (x86)/Microsoft Visual Studio/18/BuildTools/MSBuild/Current/Bin/amd64/MSBuild.exe" INSTALL.vcxproj /p:Configuration=Release /p:Platform=x64 /p:VisualStudioVersion=18.0 /v:n
[ +125 ms] MSBuild version 18.0.5+e22287bf1 for .NET Framework
[  +90 ms] Build started 1/28/2026 1:25:19 PM.
[ +190 ms] Project "C:\Users\sings\OneDrive\Desktop\Projects\POS Inventory app\mobile_app\build\windows\x64\INSTALL.vcxproj" on node 1 (default targets).
[        ] Project "C:\Users\sings\OneDrive\Desktop\Projects\POS Inventory app\mobile_app\build\windows\x64\INSTALL.vcxproj" (1) is building "C:\Users\sings\OneDrive\Desktop\Projects\POS Inventory app\mobile_app\build\windows\x64\ZERO_CHECK.vcxproj" (2) on node 1 (default targets).
[        ] PrepareForBuild:
[        ]   Structured output is enabled. The formatting of compiler diagnostics will reflect the error hierarchy. See https://aka.ms/cpp/structured-output for more details.
[   +2 ms] InitializeBuildStatus:
[        ]   Creating "x64\Release\ZERO_CHECK\ZERO_CHECK.tlog\unsuccessfulbuild" because "AlwaysCreate" was specified.
[        ]   Touching "x64\Release\ZERO_CHECK\ZERO_CHECK.tlog\unsuccessfulbuild".
[  +12 ms] CustomBuild:
[        ]   All outputs are up-to-date.
[  +29 ms] FinalizeBuildStatus:
[        ]   Deleting file "x64\Release\ZERO_CHECK\ZERO_CHECK.tlog\unsuccessfulbuild".
[        ]   Touching "x64\Release\ZERO_CHECK\ZERO_CHECK.tlog\ZERO_CHECK.lastbuildstate".
[        ] Done Building Project "C:\Users\sings\OneDrive\Desktop\Projects\POS Inventory app\mobile_app\build\windows\x64\ZERO_CHECK.vcxproj" (default targets).
[ +103 ms] Project "C:\Users\sings\OneDrive\Desktop\Projects\POS Inventory app\mobile_app\build\windows\x64\INSTALL.vcxproj" (1) is building "C:\Users\sings\OneDrive\Desktop\Projects\POS Inventory app\mobile_app\build\windows\x64\ALL_BUILD.vcxproj" (3) on node 1 (default targets).
[        ] Project "C:\Users\sings\OneDrive\Desktop\Projects\POS Inventory app\mobile_app\build\windows\x64\ALL_BUILD.vcxproj" (3) is building "C:\Users\sings\OneDrive\Desktop\Projects\POS Inventory app\mobile_app\build\windows\x64\plugins\audioplayers_windows\audioplayers_windows_plugin.vcxproj" (4) on node 1 (default targets).
[        ] Project "C:\Users\sings\OneDrive\Desktop\Projects\POS Inventory app\mobile_app\build\windows\x64\plugins\audioplayers_windows\audioplayers_windows_plugin.vcxproj" (4) is building "C:\Users\sings\OneDrive\Desktop\Projects\POS Inventory app\mobile_app\build\windows\x64\flutter\flutter_assemble.vcxproj" (5) on node 1 (default targets).
[        ] PrepareForBuild:
[        ]   Structured output is enabled. The formatting of compiler diagnostics will reflect the error hierarchy. See https://aka.ms/cpp/structured-output for more details.
[        ] InitializeBuildStatus:
[        ]   Creating "x64\Release\flutter_assemble\flutter_assemble.tlog\unsuccessfulbuild" because "AlwaysCreate" was specified.
[        ]   Touching "x64\Release\flutter_assemble\flutter_assemble.tlog\unsuccessfulbuild".
[   +4 ms] CustomBuild:
[        ]   "The build of 'C:\Users\sings\OneDrive\Desktop\Projects\POS Inventory app\mobile_app\build\windows\x64\CMakeFiles\11c07e1e1c76e345edf64e5d593980b2\flutter_assemble.rule' depends on 'C:\USERS\SINGS\ONEDRIVE\DESKTOP\PROJECTS\POS INVENTORY APP\MOBILE_APP\WINDOWS\FLUTTER\EPHEMERAL\FLUTTER_WINDOWS.DLL' which is produced by the build of 'C:\Users\sings\OneDrive\Desktop\Projects\POS Inventory app\mobile_app\build\windows\x64\CMakeFiles\c2ebf4d0ec61bc752761feae30b9bc0f\flutter_windows.dll.rule'. The items cannot be built in parallel."
[ +138 ms]   Generating C:/Users/sings/OneDrive/Desktop/Projects/POS Inventory app/mobile_app/windows/flutter/ephemeral/flutter_windows.dll, C:/Users/sings/OneDrive/Desktop/Projects/POS Inventory app/mobile_app/windows/flutter/ephemeral/flutter_export.h, C:/Users/sings/OneDrive/Desktop/Projects/POS Inventory app/mobile_app/windows/flutter/ephemeral/flutter_windows.h, C:/Users/sings/OneDrive/Desktop/Projects/POS Inventory app/mobile_app/windows/flutter/ephemeral/flutter_messenger.h, C:/Users/sings/OneDrive/Desktop/Projects/POS Inventory app/mobile_app/windows/flutter/ephemeral/flutter_plugin_registrar.h, C:/Users/sings/OneDrive/Desktop/Projects/POS Inventory app/mobile_app/windows/flutter/ephemeral/flutter_texture_registrar.h, C:/Users/sings/OneDrive/Desktop/Projects/POS Inventory app/mobile_app/windows/flutter/ephemeral/cpp_client_wrapper/core_implementations.cc, C:/Users/sings/OneDrive/Desktop/Projects/POS Inventory app/mobile_app/windows/flutter/ephemeral/cpp_client_wrapper/standard_codec.cc, C:/Users/sings/OneDrive/Desktop/Projects/POS Inventory app/mobile_app/windows/flutter/ephemeral/cpp_client_wrapper/plugin_registrar.cc, C:/Users/sings/OneDrive/Desktop/Projects/POS Inventory app/mobile_app/windows/flutter/ephemeral/cpp_client_wrapper/flutter_engine.cc, C:/Users/sings/OneDrive/Desktop/Projects/POS Inventory app/mobile_app/windows/flutter/ephemeral/cpp_client_wrapper/flutter_view_controller.cc, _phony_
[+1501 ms]   [ +183 ms] Artifact Instance of 'MaterialFonts' is not required, skipping update.
[        ]   [        ] Artifact Instance of 'GradleWrapper' is not required, skipping update.
[        ]   [        ] Artifact Instance of 'AndroidGenSnapshotArtifacts' is not required, skipping update.
[        ]   [        ] Artifact Instance of 'AndroidInternalBuildArtifacts' is not required, skipping update.
[        ]   [        ] Artifact Instance of 'IOSEngineArtifacts' is not required, skipping update.
[        ]   [        ] Artifact Instance of 'FlutterWebSdk' is not required, skipping update.
[        ]   [        ] Artifact Instance of 'LegacyCanvasKitRemover' is not required, skipping update.
[        ]   [        ] Artifact Instance of 'FlutterSdk' is not required, skipping update.
[        ]   [        ] Artifact Instance of 'WindowsEngineArtifacts' is not required, skipping update.
[        ]   [        ] Artifact Instance of 'MacOSEngineArtifacts' is not required, skipping update.
[        ]   [        ] Artifact Instance of 'LinuxEngineArtifacts' is not required, skipping update.
[        ]   [        ] Artifact Instance of 'LinuxFuchsiaSDKArtifacts' is not required, skipping update.
[        ]   [        ] Artifact Instance of 'MacOSFuchsiaSDKArtifacts' is not required, skipping update.
[        ]   [        ] Artifact Instance of 'FlutterRunnerSDKArtifacts' is not required, skipping update.
[        ]   [        ] Artifact Instance of 'FlutterRunnerDebugSymbols' is not required, skipping update.
[        ]   [        ] Artifact Instance of 'IosUsbArtifacts' is not required, skipping update.
[        ]   [        ] Artifact Instance of 'IosUsbArtifacts' is not required, skipping update.
[        ]   [        ] Artifact Instance of 'IosUsbArtifacts' is not required, skipping update.
[        ]   [        ] Artifact Instance of 'IosUsbArtifacts' is not required, skipping update.
[        ]   [        ] Artifact Instance of 'IosUsbArtifacts' is not required, skipping update.
[        ]   [        ] Artifact Instance of 'IosUsbArtifacts' is not required, skipping update.
[        ]   [        ] Artifact Instance of 'FontSubsetArtifacts' is not required, skipping update.
[        ]   [        ] Artifact Instance of 'PubDependencies' is not required, skipping update.
[  +12 ms]   [  +20 ms] Artifact Instance of 'AndroidGenSnapshotArtifacts' is not required, skipping update.
[        ]   [        ] Artifact Instance of 'AndroidInternalBuildArtifacts' is not required, skipping update.
[        ]   [        ] Artifact Instance of 'IOSEngineArtifacts' is not required, skipping update.
[        ]   [        ] Artifact Instance of 'FlutterWebSdk' is not required, skipping update.
[        ]   [        ] Artifact Instance of 'FlutterEngineStamp' is not required, skipping update.
[        ]   [        ] Artifact Instance of 'LegacyCanvasKitRemover' is not required, skipping update.
[   +2 ms]   [   +3 ms] Artifact Instance of 'WindowsEngineArtifacts' is not required, skipping update.
[        ]   [        ] Artifact Instance of 'MacOSEngineArtifacts' is not required, skipping update.
[        ]   [        ] Artifact Instance of 'LinuxEngineArtifacts' is not required, skipping update.
[        ]   [        ] Artifact Instance of 'LinuxFuchsiaSDKArtifacts' is not required, skipping update.
[        ]   [        ] Artifact Instance of 'MacOSFuchsiaSDKArtifacts' is not required, skipping update.
[        ]   [        ] Artifact Instance of 'FlutterRunnerSDKArtifacts' is not required, skipping update.
[        ]   [        ] Artifact Instance of 'FlutterRunnerDebugSymbols' is not required, skipping update.
[  +63 ms]   [  +62 ms] Artifact Instance of 'MaterialFonts' is not required, skipping update.
[        ]   [        ] Artifact Instance of 'GradleWrapper' is not required, skipping update.
[        ]   [        ] Artifact Instance of 'AndroidGenSnapshotArtifacts' is not required, skipping update.
[        ]   [        ] Artifact Instance of 'AndroidInternalBuildArtifacts' is not required, skipping update.
[        ]   [        ] Artifact Instance of 'IOSEngineArtifacts' is not required, skipping update.
[        ]   [        ] Artifact Instance of 'FlutterWebSdk' is not required, skipping update.
[        ]   [        ] Artifact Instance of 'FlutterEngineStamp' is not required, skipping update.
[        ]   [        ] Artifact Instance of 'LegacyCanvasKitRemover' is not required, skipping update.
[        ]   [        ] Artifact Instance of 'FlutterSdk' is not required, skipping update.
[        ]   [   +1 ms] Artifact Instance of 'MacOSEngineArtifacts' is not required, skipping update.
[        ]   [        ] Artifact Instance of 'LinuxEngineArtifacts' is not required, skipping update.
[        ]   [        ] Artifact Instance of 'LinuxFuchsiaSDKArtifacts' is not required, skipping update.
[        ]   [        ] Artifact Instance of 'MacOSFuchsiaSDKArtifacts' is not required, skipping update.
[        ]   [        ] Artifact Instance of 'FlutterRunnerSDKArtifacts' is not required, skipping update.
[        ]   [        ] Artifact Instance of 'FlutterRunnerDebugSymbols' is not required, skipping update.
[        ]   [        ] Artifact Instance of 'IosUsbArtifacts' is not required, skipping update.
[        ]   [        ] Artifact Instance of 'IosUsbArtifacts' is not required, skipping update.
[        ]   [        ] Artifact Instance of 'IosUsbArtifacts' is not required, skipping update.
[        ]   [        ] Artifact Instance of 'IosUsbArtifacts' is not required, skipping update.
[        ]   [        ] Artifact Instance of 'IosUsbArtifacts' is not required, skipping update.
[        ]   [        ] Artifact Instance of 'IosUsbArtifacts' is not required, skipping update.
[        ]   [        ] Artifact Instance of 'FontSubsetArtifacts' is not required, skipping update.
[        ]   [        ] Artifact Instance of 'PubDependencies' is not required, skipping update.
[  +27 ms]   [  +29 ms] Initializing file store
[  +33 ms]   [  +32 ms] Done initializing file store
[ +115 ms]   [ +115 ms] Skipping target: dart_build
[   +1 ms]   [   +1 ms] Skipping target: gen_dart_plugin_registrant
[+2600 ms]   [+2599 ms] Skipping target: unpack_windows
[        ]   [        ] Skipping target: install_code_assets
[        ]   [        ] Skipping target: gen_localizations
[+1143 ms]   [+1142 ms] Skipping target: kernel_snapshot_program
[  +50 ms]   [  +51 ms] Skipping target: aot_elf_release
[  +43 ms]   [  +43 ms] Skipping target: windows_aot_bundle
[  +61 ms]   [  +61 ms] Skipping target: release_bundle_windows-x64_assets
[        ]   [        ] Persisting file store
[  +24 ms]   [  +23 ms] Done persisting file store
[  +45 ms]   [  +45 ms] build succeeded.
[        ]   [        ] "flutter assemble" took 4,237ms.
[ +114 ms]   [ +113 ms] Running 1 shutdown hook
[        ]   [   +1 ms] Shutdown hooks complete
[ +269 ms]   [ +268 ms] exiting with code 0
[ +152 ms] FinalizeBuildStatus:
[        ]   Deleting file "x64\Release\flutter_assemble\flutter_assemble.tlog\unsuccessfulbuild".
[        ]   Touching "x64\Release\flutter_assemble\flutter_assemble.tlog\flutter_assemble.lastbuildstate".
[        ] Done Building Project "C:\Users\sings\OneDrive\Desktop\Projects\POS Inventory app\mobile_app\build\windows\x64\flutter\flutter_assemble.vcxproj" (default targets).
[  +28 ms] Project "C:\Users\sings\OneDrive\Desktop\Projects\POS Inventory app\mobile_app\build\windows\x64\plugins\audioplayers_windows\audioplayers_windows_plugin.vcxproj" (4) is building "C:\Users\sings\OneDrive\Desktop\Projects\POS Inventory app\mobile_app\build\windows\x64\flutter\flutter_wrapper_plugin.vcxproj" (6) on node 1 (default targets).
[        ] PrepareForBuild:
[        ]   Structured output is enabled. The formatting of compiler diagnostics will reflect the error hierarchy. See https://aka.ms/cpp/structured-output for more details.
[        ] InitializeBuildStatus:
[        ]   Creating "flutter_wrapper_plugin.dir\Release\flutter_.C8F9295B.tlog\unsuccessfulbuild" because "AlwaysCreate" was specified.
[        ]   Touching "flutter_wrapper_plugin.dir\Release\flutter_.C8F9295B.tlog\unsuccessfulbuild".
[   +1 ms] CustomBuild:
[        ]   All outputs are up-to-date.
[  +85 ms] ClCompile:
[        ]   All outputs are up-to-date.
[  +34 ms] Lib:
[        ]   All outputs are up-to-date.
[        ]   flutter_wrapper_plugin.vcxproj -> C:\Users\sings\OneDrive\Desktop\Projects\POS Inventory app\mobile_app\build\windows\x64\flutter\Release\flutter_wrapper_plugin.lib
[  +14 ms] FinalizeBuildStatus:
[        ]   Deleting file "flutter_wrapper_plugin.dir\Release\flutter_.C8F9295B.tlog\unsuccessfulbuild".
[        ]   Touching "flutter_wrapper_plugin.dir\Release\flutter_.C8F9295B.tlog\flutter_wrapper_plugin.lastbuildstate".
[        ] Done Building Project "C:\Users\sings\OneDrive\Desktop\Projects\POS Inventory app\mobile_app\build\windows\x64\flutter\flutter_wrapper_plugin.vcxproj" (default targets).
[   +8 ms] PrepareForBuild:
[        ]   Structured output is enabled. The formatting of compiler diagnostics will reflect the error hierarchy. See https://aka.ms/cpp/structured-output for more details.
[   +3 ms] InitializeBuildStatus:
[        ]   Creating "audioplayers_windows_plugin.dir\Release\audiopla.5175D5C2.tlog\unsuccessfulbuild" because "AlwaysCreate" was specified.
[        ]   Touching "audioplayers_windows_plugin.dir\Release\audiopla.5175D5C2.tlog\unsuccessfulbuild".
[   +2 ms] CustomBuild:
[        ]   All outputs are up-to-date.
[  +24 ms] ClCompile:
[        ]   All outputs are up-to-date.
[  +26 ms] Link:
[        ]   All outputs are up-to-date.
[   +2 ms]   audioplayers_windows_plugin.vcxproj -> C:\Users\sings\OneDrive\Desktop\Projects\POS Inventory app\mobile_app\build\windows\x64\plugins\audioplayers_windows\Release\audioplayers_windows_plugin.dll
[   +9 ms] FinalizeBuildStatus:
[        ]   Deleting file "audioplayers_windows_plugin.dir\Release\audiopla.5175D5C2.tlog\unsuccessfulbuild".
[        ]   Touching "audioplayers_windows_plugin.dir\Release\audiopla.5175D5C2.tlog\audioplayers_windows_plugin.lastbuildstate".
[   +1 ms] Done Building Project "C:\Users\sings\OneDrive\Desktop\Projects\POS Inventory app\mobile_app\build\windows\x64\plugins\audioplayers_windows\audioplayers_windows_plugin.vcxproj" (default targets).
[  +31 ms] Project "C:\Users\sings\OneDrive\Desktop\Projects\POS Inventory app\mobile_app\build\windows\x64\ALL_BUILD.vcxproj" (3) is building "C:\Users\sings\OneDrive\Desktop\Projects\POS Inventory app\mobile_app\build\windows\x64\plugins\connectivity_plus\connectivity_plus_plugin.vcxproj" (7) on node 1 (default targets).
[        ] PrepareForBuild:
[        ]   Structured output is enabled. The formatting of compiler diagnostics will reflect the error hierarchy. See https://aka.ms/cpp/structured-output for more details.
[        ] InitializeBuildStatus:
[        ]   Creating "connectivity_plus_plugin.dir\Release\connecti.89750BF3.tlog\unsuccessfulbuild" because "AlwaysCreate" was specified.
[        ]   Touching "connectivity_plus_plugin.dir\Release\connecti.89750BF3.tlog\unsuccessfulbuild".
[  +11 ms] CustomBuild:
[        ]   All outputs are up-to-date.
[   +9 ms] ClCompile:
[        ]   All outputs are up-to-date.
[   +6 ms] Link:
[        ]   All outputs are up-to-date.
[        ]   connectivity_plus_plugin.vcxproj -> C:\Users\sings\OneDrive\Desktop\Projects\POS Inventory app\mobile_app\build\windows\x64\plugins\connectivity_plus\Release\connectivity_plus_plugin.dll
[   +9 ms] FinalizeBuildStatus:
[        ]   Deleting file "connectivity_plus_plugin.dir\Release\connecti.89750BF3.tlog\unsuccessfulbuild".
[        ]   Touching "connectivity_plus_plugin.dir\Release\connecti.89750BF3.tlog\connectivity_plus_plugin.lastbuildstate".
[        ] Done Building Project "C:\Users\sings\OneDrive\Desktop\Projects\POS Inventory app\mobile_app\build\windows\x64\plugins\connectivity_plus\connectivity_plus_plugin.vcxproj" (default targets).
[  +37 ms] Project "C:\Users\sings\OneDrive\Desktop\Projects\POS Inventory app\mobile_app\build\windows\x64\ALL_BUILD.vcxproj" (3) is building "C:\Users\sings\OneDrive\Desktop\Projects\POS Inventory app\mobile_app\build\windows\x64\plugins\file_selector_windows\file_selector_windows_plugin.vcxproj" (8) on node 1 (default targets).
[        ] PrepareForBuild:
[        ]   Structured output is enabled. The formatting of compiler diagnostics will reflect the error hierarchy. See https://aka.ms/cpp/structured-output for more details.
[   +1 ms] InitializeBuildStatus:
[        ]   Creating "file_selector_windows_plugin.dir\Release\file_sel.7F9739A8.tlog\unsuccessfulbuild" because "AlwaysCreate" was specified.
[        ]   Touching "file_selector_windows_plugin.dir\Release\file_sel.7F9739A8.tlog\unsuccessfulbuild".
[   +1 ms] CustomBuild:
[        ]   All outputs are up-to-date.
[  +10 ms] ClCompile:
[        ]   All outputs are up-to-date.
[   +7 ms] Link:
[        ]   All outputs are up-to-date.
[        ]   file_selector_windows_plugin.vcxproj -> C:\Users\sings\OneDrive\Desktop\Projects\POS Inventory app\mobile_app\build\windows\x64\plugins\file_selector_windows\Release\file_selector_windows_plugin.dll
[   +7 ms] FinalizeBuildStatus:
[        ]   Deleting file "file_selector_windows_plugin.dir\Release\file_sel.7F9739A8.tlog\unsuccessfulbuild".
[        ]   Touching "file_selector_windows_plugin.dir\Release\file_sel.7F9739A8.tlog\file_selector_windows_plugin.lastbuildstate".
[        ] Done Building Project "C:\Users\sings\OneDrive\Desktop\Projects\POS Inventory app\mobile_app\build\windows\x64\plugins\file_selector_windows\file_selector_windows_plugin.vcxproj" (default targets).
[  +45 ms] Project "C:\Users\sings\OneDrive\Desktop\Projects\POS Inventory app\mobile_app\build\windows\x64\ALL_BUILD.vcxproj" (3) is building "C:\Users\sings\OneDrive\Desktop\Projects\POS Inventory app\mobile_app\build\windows\x64\plugins\flutter_secure_storage_windows\flutter_secure_storage_windows_plugin.vcxproj" (9) on node 1 (default targets).
[        ] PrepareForBuild:
[        ]   Structured output is enabled. The formatting of compiler diagnostics will reflect the error hierarchy. See https://aka.ms/cpp/structured-output for more details.
[   +1 ms] InitializeBuildStatus:
[        ]   Touching "flutter_secure_storage_windows_plugin.dir\Release\flutter_.E1C6CDF8.tlog\unsuccessfulbuild".
[   +1 ms] CustomBuild:
[        ]   All outputs are up-to-date.
[  +10 ms] ClCompile:
[        ]   C:\Program Files (x86)\Microsoft Visual Studio\18\BuildTools\VC\Tools\MSVC\14.50.35717\bin\HostX64\x64\CL.exe /c /I"C:\Users\sings\OneDrive\Desktop\Projects\POS Inventory app\mobile_app\windows\flutter\ephemeral" /I"C:\Users\sings\OneDrive\Desktop\Projects\POS Inventory app\mobile_app\windows\flutter\ephemeral\cpp_client_wrapper\include" /nologo /W4 /WX /diagnostics:column /O2 /Ob2 /D _WINDLL /D _UNICODE /D UNICODE /D WIN32 /D _WINDOWS /D NDEBUG /D _HAS_EXCEPTIONS=0 /D FLUTTER_PLUGIN_IMPL /D UNICODE /D _UNICODE /D "SECURE_STORAGE_KEY_PREFIX=\"pos_app_VGhpcyBpcyB0aGUgcHJlZml4IGZv_\"" /D "CMAKE_INTDIR=\"Release\"" /D flutter_secure_storage_windows_plugin_EXPORTS /EHsc /MD /GS /fp:precise /GR /std:c++17 /Fo"flutter_secure_storage_windows_plugin.dir\Release\\" /Fd"flutter_secure_storage_windows_plugin.dir\Release\vc145.pdb" /external:W4 /Gd /TP /wd4100 /errorReport:queue "C:\Users\sings\OneDrive\Desktop\Projects\POS Inventory app\mobile_app\windows\flutter\ephemeral\.plugin_symlinks\flutter_secure_storage_windows\windows\flutter_secure_storage_windows_plugin.cpp"
[  +83 ms]   flutter_secure_storage_windows_plugin.cpp
flutter : [ +441 ms] 
C:\Users\sings\OneDrive\Desktop\Projects\POS 
Inventory app\mobile_app\windows\flutter\ephemeral\
.plugin_symlinks\flutter_secure_storage_windows\win
dows\flutter_secure_storage_windows_plugin.cpp(6,10
): error C1083: Cannot open include file: 
'atlstr.h': No such file or directory 
[C:\Users\sings\OneDrive\Desktop\Projects\POS 
Inventory app\mobile_app\build\windows\x64\plugins\
flutter_secure_storage_windows\flutter_secure_stora
ge_windows_plugin.vcxproj]
At line:1 char:1
+ flutter build windows -v *> build_log.txt
+ ~~~~~~~~~~~~~~~~~~~~~~~~~~~~~~~~~~~~~~~~~
    + CategoryInfo          : NotSpecified: ([ +44 
   1 ms] C:\U...plugin.vcxproj]:String) [], Remot  
  eException
    + FullyQualifiedErrorId : NativeCommandError
 
[   +2 ms] Done Building Project "C:\Users\sings\OneDrive\Desktop\Projects\POS Inventory app\mobile_app\build\windows\x64\plugins\flutter_secure_storage_windows\flutter_secure_storage_windows_plugin.vcxproj" (default targets) -- FAILED.
[  +47 ms] Project "C:\Users\sings\OneDrive\Desktop\Projects\POS Inventory app\mobile_app\build\windows\x64\ALL_BUILD.vcxproj" (3) is building "C:\Users\sings\OneDrive\Desktop\Projects\POS Inventory app\mobile_app\build\windows\x64\flutter\flutter_wrapper_app.vcxproj" (10) on node 1 (default targets).
[        ] PrepareForBuild:
[        ]   Structured output is enabled. The formatting of compiler diagnostics will reflect the error hierarchy. See https://aka.ms/cpp/structured-output for more details.
[        ] InitializeBuildStatus:
[        ]   Creating "flutter_wrapper_app.dir\Release\flutter_.1965CD99.tlog\unsuccessfulbuild" because "AlwaysCreate" was specified.
[        ]   Touching "flutter_wrapper_app.dir\Release\flutter_.1965CD99.tlog\unsuccessfulbuild".
[   +1 ms] CustomBuild:
[        ]   All outputs are up-to-date.
[  +10 ms] ClCompile:
[        ]   All outputs are up-to-date.
[   +3 ms] Lib:
[        ]   All outputs are up-to-date.
[        ]   flutter_wrapper_app.vcxproj -> C:\Users\sings\OneDrive\Desktop\Projects\POS Inventory app\mobile_app\build\windows\x64\flutter\Release\flutter_wrapper_app.lib
[   +7 ms] FinalizeBuildStatus:
[        ]   Deleting file "flutter_wrapper_app.dir\Release\flutter_.1965CD99.tlog\unsuccessfulbuild".
[        ]   Touching "flutter_wrapper_app.dir\Release\flutter_.1965CD99.tlog\flutter_wrapper_app.lastbuildstate".
[        ] Done Building Project "C:\Users\sings\OneDrive\Desktop\Projects\POS Inventory app\mobile_app\build\windows\x64\flutter\flutter_wrapper_app.vcxproj" (default targets).
[  +95 ms] Project "C:\Users\sings\OneDrive\Desktop\Projects\POS Inventory app\mobile_app\build\windows\x64\ALL_BUILD.vcxproj" (3) is building "C:\Users\sings\OneDrive\Desktop\Projects\POS Inventory app\mobile_app\build\windows\x64\runner\pos_app.vcxproj" (11) on node 1 (default targets).
[        ] Project "C:\Users\sings\OneDrive\Desktop\Projects\POS Inventory app\mobile_app\build\windows\x64\runner\pos_app.vcxproj" (11) is building "C:\Users\sings\OneDrive\Desktop\Projects\POS Inventory app\mobile_app\build\windows\x64\plugins\printing\printing_plugin.vcxproj" (12) on node 1 (default targets).
[        ] PrepareForBuild:
[        ]   Structured output is enabled. The formatting of compiler diagnostics will reflect the error hierarchy. See https://aka.ms/cpp/structured-output for more details.
[   +1 ms] InitializeBuildStatus:
[        ]   Creating "printing_plugin.dir\Release\printing_plugin.tlog\unsuccessfulbuild" because "AlwaysCreate" was specified.
[        ]   Touching "printing_plugin.dir\Release\printing_plugin.tlog\unsuccessfulbuild".
[   +3 ms] CustomBuild:
[        ]   All outputs are up-to-date.
[  +38 ms] ClCompile:
[        ]   All outputs are up-to-date.
[   +6 ms] Link:
[        ]   All outputs are up-to-date.
[        ]   printing_plugin.vcxproj -> C:\Users\sings\OneDrive\Desktop\Projects\POS Inventory app\mobile_app\build\windows\x64\plugins\printing\Release\printing_plugin.dll
[   +6 ms] FinalizeBuildStatus:
[        ]   Deleting file "printing_plugin.dir\Release\printing_plugin.tlog\unsuccessfulbuild".
[        ]   Touching "printing_plugin.dir\Release\printing_plugin.tlog\printing_plugin.lastbuildstate".
[        ] Done Building Project "C:\Users\sings\OneDrive\Desktop\Projects\POS Inventory app\mobile_app\build\windows\x64\plugins\printing\printing_plugin.vcxproj" (default targets).
[        ] Done Building Project "C:\Users\sings\OneDrive\Desktop\Projects\POS Inventory app\mobile_app\build\windows\x64\runner\pos_app.vcxproj" (default targets) -- FAILED.
[        ] Done Building Project "C:\Users\sings\OneDrive\Desktop\Projects\POS Inventory app\mobile_app\build\windows\x64\ALL_BUILD.vcxproj" (default targets) -- FAILED.
[        ] Done Building Project "C:\Users\sings\OneDrive\Desktop\Projects\POS Inventory app\mobile_app\build\windows\x64\INSTALL.vcxproj" (default targets) -- FAILED.
[   +4 ms] Build FAILED.
[        ] "C:\Users\sings\OneDrive\Desktop\Projects\POS Inventory app\mobile_app\build\windows\x64\INSTALL.vcxproj" (default target) (1) ->
[        ] "C:\Users\sings\OneDrive\Desktop\Projects\POS Inventory app\mobile_app\build\windows\x64\ALL_BUILD.vcxproj" (default target) (3) ->
[        ] "C:\Users\sings\OneDrive\Desktop\Projects\POS Inventory app\mobile_app\build\windows\x64\plugins\flutter_secure_storage_windows\flutter_secure_storage_windows_plugin.vcxproj" (default target) (9) ->
[        ] (ClCompile target) -> 
[        ]   
C:\Users\sings\OneDrive\Desktop\Projects\POS 
Inventory app\mobile_app\windows\flutter\ephemeral\
.plugin_symlinks\flutter_secure_storage_windows\win
dows\flutter_secure_storage_windows_plugin.cpp(6,10
): error C1083: Cannot open include file: 
'atlstr.h': No such file or directory 
[C:\Users\sings\OneDrive\Desktop\Projects\POS 
Inventory app\mobile_app\build\windows\x64\plugins\
flutter_secure_storage_windows\flutter_secure_stora
ge_windows_plugin.vcxproj]
[        ]     0 Warning(s)
[        ]     1 Error(s)
[        ] Time Elapsed 00:00:07.98
[  +37 ms] Building Windows application... (completed in 12.9s)
[        ] "flutter windows" took 13,809ms.
[ +117 ms] Build process failed.
[        ] 
           #0      throwToolExit 
(package:flutter_tools/src/base/common.dart:34:3)
           #1      _runBuild (package:flutter_tools
/src/windows/build_windows.dart:262:5)
           <asynchronous suspension>
           #2      buildWindows (package:flutter_to
ols/src/windows/build_windows.dart:118:5)
           <asynchronous suspension>
           #3      BuildWindowsCommand.runCommand (
package:flutter_tools/src/commands/build_windows.da
rt:72:5)
           <asynchronous suspension>
           #4      FlutterCommand.run.<anonymous 
closure> (package:flutter_tools/src/runner/flutter_
command.dart:1559:27)
           <asynchronous suspension>
           #5      AppContext.run.<anonymous 
closure> (package:flutter_tools/src/base/context.da
rt:154:19)
           <asynchronous suspension>
           #6      CommandRunner.runCommand 
(package:args/command_runner.dart:212:13)
           <asynchronous suspension>
           #7      
FlutterCommandRunner.runCommand.<anonymous 
closure> (package:flutter_tools/src/runner/flutter_
command_runner.dart:487:9)
           <asynchronous suspension>
           #8      AppContext.run.<anonymous 
closure> (package:flutter_tools/src/base/context.da
rt:154:19)
           <asynchronous suspension>
           #9      FlutterCommandRunner.runCommand 
(package:flutter_tools/src/runner/flutter_command_r
unner.dart:422:5)
           <asynchronous suspension>
           #10     run.<anonymous 
closure>.<anonymous closure> 
(package:flutter_tools/runner.dart:104:11)
           <asynchronous suspension>
           #11     AppContext.run.<anonymous 
closure> (package:flutter_tools/src/base/context.da
rt:154:19)
           <asynchronous suspension>
           #12     main 
(package:flutter_tools/executable.dart:103:3)
           <asynchronous suspension>


[        ] Running 1 shutdown hook
[   +1 ms] Shutdown hooks complete
[ +226 ms] exiting with code 1
